2022-04-08 11:33:02.3694 INFO Application started. Press Ctrl+C to shut down.
2022-04-08 11:33:02.4281 INFO Hosting environment: Development
2022-04-08 11:33:02.4281 INFO Content root path: C:\Users\User\source\repos\FundoNote\FundoNote
2022-04-08 11:33:12.4050 ERROR Error closing the session.
2022-04-08 11:33:21.8751 ERROR Error closing the session.
2022-04-08 11:34:29.9978 ERROR Session cache read exception, Key:dae739a4-b20c-32bf-847e-765e220b7709
2022-04-08 11:34:34.1458 ERROR Error closing the session.
2022-04-08 11:35:56.7186 ERROR Error closing the session.
2022-04-08 12:16:36.6278 INFO Application started. Press Ctrl+C to shut down.
2022-04-08 12:16:36.7030 INFO Hosting environment: Development
2022-04-08 12:16:36.7102 INFO Content root path: C:\Users\User\source\repos\FundoNote\FundoNote
2022-04-08 12:16:46.7231 ERROR Error closing the session.
2022-04-08 12:16:56.1021 ERROR Error closing the session.
2022-04-08 12:18:36.6006 ERROR Error closing the session.
2022-04-08 12:18:48.3327 ERROR Session cache read exception, Key:52b72c66-4159-4e28-d283-a26a1cb18e53
2022-04-08 12:18:57.5118 ERROR Error closing the session.
2022-04-08 12:20:45.9191 ERROR Error closing the session.
2022-04-08 12:20:55.5682 ERROR Error closing the session.
2022-04-08 12:21:04.7307 ERROR Error closing the session.
2022-04-08 12:21:27.3673 ERROR Error closing the session.
2022-04-08 12:21:31.5103 ERROR Error closing the session.
2022-04-08 12:22:55.0722 ERROR Error closing the session.
2022-04-08 12:24:58.6103 ERROR Error closing the session.
2022-04-08 12:25:07.7852 ERROR Error closing the session.
2022-04-08 12:32:53.8165 ERROR Error closing the session.
2022-04-08 12:33:02.9886 ERROR Error closing the session.
2022-04-08 12:33:12.1661 ERROR Error closing the session.
2022-04-08 12:33:18.2904 ERROR Error closing the session.
2022-04-08 12:34:41.4814 ERROR Error closing the session.
2022-04-08 12:34:50.6589 ERROR Error closing the session.
2022-04-08 12:36:20.9811 ERROR Error closing the session.
2022-04-08 12:36:30.2035 ERROR Error closing the session.
2022-04-08 12:42:20.4758 INFO Application started. Press Ctrl+C to shut down.
2022-04-08 12:42:20.5692 INFO Hosting environment: Development
2022-04-08 12:42:20.5692 INFO Content root path: C:\Users\User\source\repos\FundoNote\FundoNote
2022-04-08 12:42:30.7958 ERROR Error closing the session.
2022-04-08 12:42:40.1801 ERROR Error closing the session.
2022-04-08 12:42:51.6810 ERROR Error closing the session.
2022-04-08 12:43:02.3472 ERROR Error closing the session.
2022-04-08 12:43:34.9875 ERROR Error closing the session.
2022-04-08 12:43:39.1137 ERROR Error closing the session.
2022-04-08 12:44:38.8544 ERROR Error closing the session.
2022-04-08 12:44:48.0417 ERROR Error closing the session.
2022-04-08 12:45:53.5114 ERROR Error closing the session.
2022-04-08 12:48:54.3743 ERROR Error closing the session.
2022-04-08 12:48:58.4904 ERROR Error closing the session.
2022-04-08 16:51:37.8178 INFO Application started. Press Ctrl+C to shut down.
2022-04-08 16:51:37.8720 INFO Hosting environment: Development
2022-04-08 16:51:37.8720 INFO Content root path: C:\Users\User\source\repos\FundoNote\FundoNote
2022-04-08 16:51:42.9158 ERROR Error closing the session.
2022-04-08 16:51:52.6128 ERROR Error closing the session.
2022-04-08 17:06:06.5491 ERROR Error closing the session.
2022-04-08 17:17:07.8382 ERROR Error closing the session.
2022-04-08 17:23:39.8398 ERROR Error closing the session.
2022-04-08 17:23:44.0473 ERROR Error closing the session.
