2022-04-12 11:08:11.8650 INFO Application started. Press Ctrl+C to shut down.
2022-04-12 11:08:11.9129 INFO Hosting environment: Development
2022-04-12 11:08:11.9187 INFO Content root path: C:\Users\User\source\repos\FundoNote\FundoNote
2022-04-12 11:08:23.5408 ERROR Error closing the session.
2022-04-12 11:08:27.8183 ERROR Error closing the session.
2022-04-12 11:10:03.3531 ERROR Error closing the session.
2022-04-12 11:10:12.5902 ERROR Error closing the session.
2022-04-12 11:12:02.8262 ERROR Error closing the session.
2022-04-12 11:27:26.9445 INFO Application started. Press Ctrl+C to shut down.
2022-04-12 11:27:27.0150 INFO Hosting environment: Development
2022-04-12 11:27:27.0150 INFO Content root path: C:\Users\User\source\repos\FundoNote\FundoNote
2022-04-12 11:27:37.0490 ERROR Error closing the session.
2022-04-12 11:27:46.4083 ERROR Error closing the session.
2022-04-12 11:28:28.7711 ERROR Error closing the session.
2022-04-12 11:28:39.8554 ERROR Error closing the session.
2022-04-12 11:29:10.8334 ERROR Error closing the session.
2022-04-12 11:37:33.7477 INFO Application started. Press Ctrl+C to shut down.
2022-04-12 11:37:33.7959 INFO Hosting environment: Development
2022-04-12 11:37:33.7959 INFO Content root path: C:\Users\User\source\repos\FundoNote\FundoNote
2022-04-12 11:37:38.6735 ERROR Error closing the session.
2022-04-12 11:37:48.0661 ERROR Error closing the session.
2022-04-12 11:39:03.8193 ERROR Error closing the session.
2022-04-12 11:39:14.9791 ERROR Session cache read exception, Key:bc7fcd43-737e-d711-45bf-dd027be5621f
2022-04-12 11:39:24.1306 ERROR Session cache read exception, Key:250aeaa4-337c-c810-6fa5-1a0a3eab5710
2022-04-12 11:39:33.3148 ERROR Error closing the session.
2022-04-12 11:39:42.4650 ERROR Error closing the session.
2022-04-12 11:40:16.5516 ERROR Error closing the session.
2022-04-12 11:40:26.2182 ERROR Error closing the session.
2022-04-12 11:41:54.6583 ERROR Error closing the session.
2022-04-12 11:42:03.8633 ERROR Error closing the session.
2022-04-12 11:44:36.3157 ERROR Error closing the session.
2022-04-12 11:47:36.4799 ERROR Error closing the session.
2022-04-12 11:47:40.5844 ERROR Error closing the session.
2022-04-12 11:48:45.8424 ERROR Error closing the session.
2022-04-12 21:49:55.3475 INFO Application started. Press Ctrl+C to shut down.
2022-04-12 21:49:55.4106 INFO Hosting environment: Development
2022-04-12 21:49:55.4106 INFO Content root path: C:\Users\User\source\repos\FundoNote\FundoNote
2022-04-12 21:50:05.2471 ERROR Error closing the session.
2022-04-12 21:50:14.6708 ERROR Error closing the session.
2022-04-12 21:52:45.9958 ERROR Error closing the session.
2022-04-12 21:52:53.3602 ERROR Error closing the session.
2022-04-12 21:54:47.1419 ERROR Error closing the session.
2022-04-12 21:54:51.3235 ERROR Error closing the session.
2022-04-12 21:56:26.7611 ERROR Error closing the session.
2022-04-12 22:05:10.3668 ERROR Error closing the session.
2022-04-12 22:05:15.0308 ERROR Error closing the session.
2022-04-12 22:08:06.9782 ERROR Error closing the session.
2022-04-12 22:08:16.2441 ERROR Error closing the session.
2022-04-12 22:51:17.2929 ERROR Error closing the session.
2022-04-12 23:25:37.3155 ERROR Error closing the session.
2022-04-12 23:25:46.5586 ERROR Error closing the session.
2022-04-12 23:27:47.2111 ERROR Error closing the session.
2022-04-12 23:27:52.7828 ERROR Error closing the session.
2022-04-12 23:52:03.0817 ERROR Error closing the session.
2022-04-12 23:52:13.0865 ERROR Error closing the session.
2022-04-12 23:55:14.1449 ERROR Error closing the session.
2022-04-12 23:55:18.2611 ERROR Error closing the session.
